-- Found ament_cmake: 0.9.9 (/home/jetson/ros2_foxy/ros2-linux/share/ament_cmake/cmake)
-- Found PythonInterp: /usr/bin/python3 (found suitable version "3.8.10", minimum required is "3") 
-- Using PYTHON_EXECUTABLE: /usr/bin/python3
-- Found ament_lint_auto: 0.9.6 (/home/jetson/ros2_foxy/ros2-linux/share/ament_lint_auto/cmake)
-- Found rosidl_default_generators: 1.0.1 (/home/jetson/ros2_foxy/ros2-linux/share/rosidl_default_generators/cmake)
-- Using all available rosidl_typesupport_c: rosidl_typesupport_fastrtps_c;rosidl_typesupport_introspection_c
-- Found rosidl_adapter: 1.2.1 (/home/jetson/ros2_foxy/ros2-linux/share/rosidl_adapter/cmake)
-- Using all available rosidl_typesupport_cpp: rosidl_typesupport_fastrtps_cpp;rosidl_typesupport_introspection_cpp
-- Found PythonInterp: /usr/bin/python3 (found version "3.8.10") 
-- Found ament_cmake_ros: 0.9.2 (/home/jetson/ros2_foxy/ros2-linux/share/ament_cmake_ros/cmake)
-- Using all available rosidl_typesupport_c: rosidl_typesupport_fastrtps_c;rosidl_typesupport_introspection_c
-- Using all available rosidl_typesupport_cpp: rosidl_typesupport_fastrtps_cpp;rosidl_typesupport_introspection_cpp
-- Found PythonInterp: /usr/bin/python3 (found suitable version "3.8.10", minimum required is "3.5") 
-- Found python_cmake_module: 0.8.1 (/home/jetson/ros2_foxy/ros2-linux/share/python_cmake_module/cmake)
-- Using PYTHON_EXECUTABLE: /usr/bin/python3
-- Using PYTHON_INCLUDE_DIRS: /usr/include/python3.8
-- Using PYTHON_LIBRARIES: /usr/lib/aarch64-linux-gnu/libpython3.8.so
-- Added test 'copyright' to check source files copyright and LICENSE
-- Added test 'lint_cmake' to check CMake code style
-- Added test 'xmllint' to check XML markup files
-- Configuring done
-- Generating done
-- Build files have been written to: /home/jetson/Desktop/workspace_2/build/msg_manage
[  1%] [34m[1mGenerating C code for ROS interfaces[0m
[35m[1mScanning dependencies of target msg_manage__cpp[0m
[  3%] [34m[1mGenerating C++ code for ROS interfaces[0m
[35m[1mScanning dependencies of target msg_manage__rosidl_generator_c[0m
[  4%] [32mBuilding C object CMakeFiles/msg_manage__rosidl_generator_c.dir/rosidl_generator_c/msg_manage/msg/detail/num__functions.c.o[0m
[  6%] [32mBuilding C object CMakeFiles/msg_manage__rosidl_generator_c.dir/rosidl_generator_c/msg_manage/srv/detail/add_three_ints__functions.c.o[0m
[  7%] [32mBuilding C object CMakeFiles/msg_manage__rosidl_generator_c.dir/rosidl_generator_c/msg_manage/msg/detail/motor2__functions.c.o[0m
[  7%] Built target msg_manage__cpp
[  9%] [32mBuilding C object CMakeFiles/msg_manage__rosidl_generator_c.dir/rosidl_generator_c/msg_manage/srv/detail/twist_srv__functions.c.o[0m
In file included from [01m[K/home/jetson/Desktop/workspace_2/build/msg_manage/rosidl_generator_c/msg_manage/srv/detail/twist_srv__functions.h:19[m[K,
                 from [01m[K/home/jetson/Desktop/workspace_2/build/msg_manage/rosidl_generator_c/msg_manage/srv/detail/twist_srv__functions.c:4[m[K:
[01m[K/home/jetson/Desktop/workspace_2/build/msg_manage/rosidl_generator_c/msg_manage/srv/detail/twist_srv__struct.h:23:10:[m[K [01;31m[Kfatal error: [m[Kmsg_manage/msg/detail/vector3__struct.h: No such file or directory
 #include [01;31m[K"msg_manage/msg/detail/vector3__struct.h"[m[K
          [01;31m[K^~~~~~~~~~~~~~~~~~~~~~~~~~~~~~~~~~~~~~~~~[m[K
compilation terminated.
make[2]: *** [CMakeFiles/msg_manage__rosidl_generator_c.dir/build.make:202: CMakeFiles/msg_manage__rosidl_generator_c.dir/rosidl_generator_c/msg_manage/srv/detail/twist_srv__functions.c.o] Error 1
make[2]: *** Waiting for unfinished jobs....
[ 11%] [34m[1mGenerating C++ introspection for ROS interfaces[0m
make[1]: *** [CMakeFiles/Makefile2:271: CMakeFiles/msg_manage__rosidl_generator_c.dir/all] Error 2
make[1]: *** Waiting for unfinished jobs....
[ 12%] [34m[1mGenerating C++ type support for eProsima Fast-RTPS[0m
[ 14%] [34m[1mGenerating C++ type support dispatch for ROS interfaces[0m
[35m[1mScanning dependencies of target msg_manage__rosidl_typesupport_cpp[0m
[ 15%] [32mBuilding CXX object CMakeFiles/msg_manage__rosidl_typesupport_cpp.dir/rosidl_typesupport_cpp/msg_manage/msg/num__type_support.cpp.o[0m
[ 17%] [32mBuilding CXX object CMakeFiles/msg_manage__rosidl_typesupport_cpp.dir/rosidl_typesupport_cpp/msg_manage/msg/motor2__type_support.cpp.o[0m
[35m[1mScanning dependencies of target msg_manage__rosidl_typesupport_introspection_cpp[0m
[ 19%] [32mBuilding CXX object CMakeFiles/msg_manage__rosidl_typesupport_introspection_cpp.dir/rosidl_typesupport_introspection_cpp/msg_manage/msg/detail/num__type_support.cpp.o[0m
[35m[1mScanning dependencies of target msg_manage__rosidl_typesupport_fastrtps_cpp[0m
[ 20%] [32mBuilding CXX object CMakeFiles/msg_manage__rosidl_typesupport_fastrtps_cpp.dir/rosidl_typesupport_fastrtps_cpp/msg_manage/msg/detail/dds_fastrtps/num__type_support.cpp.o[0m
[ 22%] [32mBuilding CXX object CMakeFiles/msg_manage__rosidl_typesupport_cpp.dir/rosidl_typesupport_cpp/msg_manage/srv/add_three_ints__type_support.cpp.o[0m
[ 23%] [32mBuilding CXX object CMakeFiles/msg_manage__rosidl_typesupport_introspection_cpp.dir/rosidl_typesupport_introspection_cpp/msg_manage/msg/detail/motor2__type_support.cpp.o[0m
[ 25%] [32mBuilding CXX object CMakeFiles/msg_manage__rosidl_typesupport_cpp.dir/rosidl_typesupport_cpp/msg_manage/srv/twist_srv__type_support.cpp.o[0m
In file included from [01m[K/home/jetson/Desktop/workspace_2/build/msg_manage/rosidl_typesupport_cpp/msg_manage/srv/twist_srv__type_support.cpp:7[m[K:
[01m[K/home/jetson/Desktop/workspace_2/build/msg_manage/rosidl_generator_cpp/msg_manage/srv/detail/twist_srv__struct.hpp:20:10:[m[K [01;31m[Kfatal error: [m[Kmsg_manage/msg/detail/vector3__struct.hpp: No such file or directory
 #include [01;31m[K"msg_manage/msg/detail/vector3__struct.hpp"[m[K
          [01;31m[K^~~~~~~~~~~~~~~~~~~~~~~~~~~~~~~~~~~~~~~~~~~[m[K
compilation terminated.
make[2]: *** [CMakeFiles/msg_manage__rosidl_typesupport_cpp.dir/build.make:135: CMakeFiles/msg_manage__rosidl_typesupport_cpp.dir/rosidl_typesupport_cpp/msg_manage/srv/twist_srv__type_support.cpp.o] Error 1
make[2]: *** Waiting for unfinished jobs....
[ 26%] [32mBuilding CXX object CMakeFiles/msg_manage__rosidl_typesupport_introspection_cpp.dir/rosidl_typesupport_introspection_cpp/msg_manage/srv/detail/add_three_ints__type_support.cpp.o[0m
make[1]: *** [CMakeFiles/Makefile2:499: CMakeFiles/msg_manage__rosidl_typesupport_cpp.dir/all] Error 2
[ 28%] [32mBuilding CXX object CMakeFiles/msg_manage__rosidl_typesupport_introspection_cpp.dir/rosidl_typesupport_introspection_cpp/msg_manage/srv/detail/twist_srv__type_support.cpp.o[0m
[ 30%] [32mBuilding CXX object CMakeFiles/msg_manage__rosidl_typesupport_introspection_cpp.dir/rosidl_typesupport_introspection_cpp/msg_manage/action/detail/testaction__type_support.cpp.o[0m
In file included from [01m[K/home/jetson/Desktop/workspace_2/build/msg_manage/rosidl_typesupport_introspection_cpp/msg_manage/srv/detail/twist_srv__type_support.cpp:12[m[K:
[01m[K/home/jetson/Desktop/workspace_2/build/msg_manage/rosidl_generator_cpp/msg_manage/srv/detail/twist_srv__struct.hpp:20:10:[m[K [01;31m[Kfatal error: [m[Kmsg_manage/msg/detail/vector3__struct.hpp: No such file or directory
 #include [01;31m[K"msg_manage/msg/detail/vector3__struct.hpp"[m[K
          [01;31m[K^~~~~~~~~~~~~~~~~~~~~~~~~~~~~~~~~~~~~~~~~~~[m[K
compilation terminated.
make[2]: *** [CMakeFiles/msg_manage__rosidl_typesupport_introspection_cpp.dir/build.make:152: CMakeFiles/msg_manage__rosidl_typesupport_introspection_cpp.dir/rosidl_typesupport_introspection_cpp/msg_manage/srv/detail/twist_srv__type_support.cpp.o] Error 1
make[2]: *** Waiting for unfinished jobs....
[ 31%] [32mBuilding CXX object CMakeFiles/msg_manage__rosidl_typesupport_fastrtps_cpp.dir/rosidl_typesupport_fastrtps_cpp/msg_manage/msg/detail/dds_fastrtps/motor2__type_support.cpp.o[0m
[ 33%] [32mBuilding CXX object CMakeFiles/msg_manage__rosidl_typesupport_fastrtps_cpp.dir/rosidl_typesupport_fastrtps_cpp/msg_manage/srv/detail/dds_fastrtps/add_three_ints__type_support.cpp.o[0m
[ 34%] [32mBuilding CXX object CMakeFiles/msg_manage__rosidl_typesupport_fastrtps_cpp.dir/rosidl_typesupport_fastrtps_cpp/msg_manage/srv/detail/dds_fastrtps/twist_srv__type_support.cpp.o[0m
In file included from [01m[K/home/jetson/Desktop/workspace_2/build/msg_manage/rosidl_typesupport_fastrtps_cpp/msg_manage/srv/detail/twist_srv__rosidl_typesupport_fastrtps_cpp.hpp:11[m[K,
                 from [01m[K/home/jetson/Desktop/workspace_2/build/msg_manage/rosidl_typesupport_fastrtps_cpp/msg_manage/srv/detail/dds_fastrtps/twist_srv__type_support.cpp:4[m[K:
[01m[K/home/jetson/Desktop/workspace_2/build/msg_manage/rosidl_generator_cpp/msg_manage/srv/detail/twist_srv__struct.hpp:20:10:[m[K [01;31m[Kfatal error: [m[Kmsg_manage/msg/detail/vector3__struct.hpp: No such file or directory
 #include [01;31m[K"msg_manage/msg/detail/vector3__struct.hpp"[m[K
          [01;31m[K^~~~~~~~~~~~~~~~~~~~~~~~~~~~~~~~~~~~~~~~~~~[m[K
compilation terminated.
make[2]: *** [CMakeFiles/msg_manage__rosidl_typesupport_fastrtps_cpp.dir/build.make:152: CMakeFiles/msg_manage__rosidl_typesupport_fastrtps_cpp.dir/rosidl_typesupport_fastrtps_cpp/msg_manage/srv/detail/dds_fastrtps/twist_srv__type_support.cpp.o] Error 1
make[2]: *** Waiting for unfinished jobs....
make[1]: *** [CMakeFiles/Makefile2:526: CMakeFiles/msg_manage__rosidl_typesupport_introspection_cpp.dir/all] Error 2
make[1]: *** [CMakeFiles/Makefile2:418: CMakeFiles/msg_manage__rosidl_typesupport_fastrtps_cpp.dir/all] Error 2
make: *** [Makefile:141: all] Error 2
