[0.296s] Invoking command in '/home/jetson/Desktop/workspace_2/build/msg_manage': CMAKE_PREFIX_PATH=${CMAKE_PREFIX_PATH}:/home/jetson/Desktop/workspace_2/install/unity_slam_example:/home/jetson/Desktop/workspace_2/install/unity_robotics_demo:/home/jetson/Desktop/workspace_2/install/ros_tcp_endpoint:/home/jetson/Desktop/workspace_2/install/project_2:/opt/ros/foxy /usr/bin/cmake --build /home/jetson/Desktop/workspace_2/build/msg_manage -- -j4 -l4
[3.212s] -- Found ament_cmake: 0.9.9 (/home/jetson/ros2_foxy/ros2-linux/share/ament_cmake/cmake)
[3.214s] -- Found PythonInterp: /usr/bin/python3 (found suitable version "3.8.10", minimum required is "3") 
[3.214s] -- Using PYTHON_EXECUTABLE: /usr/bin/python3
[3.215s] -- Found ament_lint_auto: 0.9.6 (/home/jetson/ros2_foxy/ros2-linux/share/ament_lint_auto/cmake)
[3.216s] -- Found rosidl_default_generators: 1.0.1 (/home/jetson/ros2_foxy/ros2-linux/share/rosidl_default_generators/cmake)
[3.217s] -- Using all available rosidl_typesupport_c: rosidl_typesupport_fastrtps_c;rosidl_typesupport_introspection_c
[3.218s] -- Found rosidl_adapter: 1.2.1 (/home/jetson/ros2_foxy/ros2-linux/share/rosidl_adapter/cmake)
[3.218s] -- Using all available rosidl_typesupport_cpp: rosidl_typesupport_fastrtps_cpp;rosidl_typesupport_introspection_cpp
[3.219s] -- Found PythonInterp: /usr/bin/python3 (found version "3.8.10") 
[3.513s] CMake Error at /home/jetson/ros2_foxy/ros2-linux/share/rosidl_adapter/cmake/rosidl_adapt_interfaces.cmake:60 (message):
[3.513s]   execute_process(/usr/bin/python3 -m rosidl_adapter --package-name
[3.515s]   msg_manage --arguments-file
[3.515s]   /home/jetson/Desktop/workspace_2/build/msg_manage/rosidl_adapter__arguments__msg_manage.json
[3.516s]   --output-dir
[3.516s]   /home/jetson/Desktop/workspace_2/build/msg_manage/rosidl_adapter/msg_manage
[3.516s]   --output-file
[3.517s]   /home/jetson/Desktop/workspace_2/build/msg_manage/rosidl_adapter/msg_manage.idls)
[3.517s]   returned error code 1:
[3.518s] 
[3.518s]   Traceback (most recent call last):
[3.519s] 
[3.519s]     File "/usr/lib/python3.8/runpy.py", line 194, in _run_module_as_main
[3.520s]       return _run_code(code, main_globals, None,
[3.520s]     File "/usr/lib/python3.8/runpy.py", line 87, in _run_code
[3.520s]       exec(code, run_globals)
[3.522s]     File "/opt/ros/foxy/lib/python3.8/site-packages/rosidl_adapter/__main__.py", line 19, in <module>
[3.523s]       sys.exit(main())
[3.523s]     File "/opt/ros/foxy/lib/python3.8/site-packages/rosidl_adapter/main.py", line 53, in main
[3.524s]       abs_idl_file = convert_to_idl(
[3.524s]     File "/opt/ros/foxy/lib/python3.8/site-packages/rosidl_adapter/__init__.py", line 19, in convert_to_idl
[3.539s]       return convert_msg_to_idl(
[3.539s]     File "/opt/ros/foxy/lib/python3.8/site-packages/rosidl_adapter/msg/__init__.py", line 28, in convert_msg_to_idl
[3.540s]       msg = parse_message_string(package_name, input_file.stem, content)
[3.540s]     File "/opt/ros/foxy/lib/python3.8/site-packages/rosidl_adapter/parser.py", line 540, in parse_message_string
[3.542s]       msg = MessageSpecification(pkg_name, msg_name, fields, constants)
[3.543s]     File "/opt/ros/foxy/lib/python3.8/site-packages/rosidl_adapter/parser.py", line 387, in __init__
[3.544s]       self.base_type = BaseType(
[3.544s]     File "/opt/ros/foxy/lib/python3.8/site-packages/rosidl_adapter/parser.py", line 204, in __init__
[3.544s]       raise InvalidResourceName(
[3.545s] 
[3.545s]   rosidl_adapter.parser.InvalidResourceName: 'Motor_2' is an invalid message
[3.546s]   name.  It should have the pattern '^[A-Z][A-Za-z0-9]*$'
[3.546s] 
[3.547s] Call Stack (most recent call first):
[3.547s]   /home/jetson/ros2_foxy/ros2-linux/share/rosidl_cmake/cmake/rosidl_generate_interfaces.cmake:130 (rosidl_adapt_interfaces)
[3.548s]   CMakeLists.txt:38 (rosidl_generate_interfaces)
[3.548s] 
[3.549s] 
[3.559s] -- Configuring incomplete, errors occurred!
[3.560s] See also "/home/jetson/Desktop/workspace_2/build/msg_manage/CMakeFiles/CMakeOutput.log".
[3.561s] make: *** [Makefile:1228: cmake_check_build_system] Error 1
[3.571s] Invoked command in '/home/jetson/Desktop/workspace_2/build/msg_manage' returned '2': CMAKE_PREFIX_PATH=${CMAKE_PREFIX_PATH}:/home/jetson/Desktop/workspace_2/install/unity_slam_example:/home/jetson/Desktop/workspace_2/install/unity_robotics_demo:/home/jetson/Desktop/workspace_2/install/ros_tcp_endpoint:/home/jetson/Desktop/workspace_2/install/project_2:/opt/ros/foxy /usr/bin/cmake --build /home/jetson/Desktop/workspace_2/build/msg_manage -- -j4 -l4
