[0.310s] Invoking command in '/home/jetson/Desktop/workspace_2/build/msg_manage': CMAKE_PREFIX_PATH=${CMAKE_PREFIX_PATH}:/home/jetson/Desktop/workspace_2/install/unity_slam_example:/home/jetson/Desktop/workspace_2/install/unity_robotics_demo:/home/jetson/Desktop/workspace_2/install/ros_tcp_endpoint:/home/jetson/Desktop/workspace_2/install/project_2:/opt/ros/foxy /usr/bin/cmake --build /home/jetson/Desktop/workspace_2/build/msg_manage -- -j4 -l4
[3.240s] -- Found ament_cmake: 0.9.9 (/home/jetson/ros2_foxy/ros2-linux/share/ament_cmake/cmake)
[3.243s] -- Found PythonInterp: /usr/bin/python3 (found suitable version "3.8.10", minimum required is "3") 
[3.243s] -- Using PYTHON_EXECUTABLE: /usr/bin/python3
[3.244s] -- Found ament_lint_auto: 0.9.6 (/home/jetson/ros2_foxy/ros2-linux/share/ament_lint_auto/cmake)
[3.245s] -- Found rosidl_default_generators: 1.0.1 (/home/jetson/ros2_foxy/ros2-linux/share/rosidl_default_generators/cmake)
[3.245s] -- Using all available rosidl_typesupport_c: rosidl_typesupport_fastrtps_c;rosidl_typesupport_introspection_c
[3.247s] -- Found rosidl_adapter: 1.2.1 (/home/jetson/ros2_foxy/ros2-linux/share/rosidl_adapter/cmake)
[3.247s] -- Using all available rosidl_typesupport_cpp: rosidl_typesupport_fastrtps_cpp;rosidl_typesupport_introspection_cpp
[3.248s] -- Found PythonInterp: /usr/bin/python3 (found version "3.8.10") 
[3.871s] CMake Error at /home/jetson/ros2_foxy/ros2-linux/share/rosidl_adapter/cmake/rosidl_adapt_interfaces.cmake:60 (message):
[3.872s]   execute_process(/usr/bin/python3 -m rosidl_adapter --package-name
[3.872s]   msg_manage --arguments-file
[3.873s]   /home/jetson/Desktop/workspace_2/build/msg_manage/rosidl_adapter__arguments__msg_manage.json
[3.873s]   --output-dir
[3.874s]   /home/jetson/Desktop/workspace_2/build/msg_manage/rosidl_adapter/msg_manage
[3.874s]   --output-file
[3.875s]   /home/jetson/Desktop/workspace_2/build/msg_manage/rosidl_adapter/msg_manage.idls)
[3.875s]   returned error code 1:
[3.876s] 
[3.876s]   Error processing 'float32 L_speed' of 'msg_manage/Motor_2': ''L_speed' is
[3.879s]   an invalid field name.  It should have the pattern
[3.880s]   '^(?!.*__)(?!.*_$)[a-z][a-z0-9_]*$''
[3.880s] 
[3.881s]   Traceback (most recent call last):
[3.881s] 
[3.881s]     File "/usr/lib/python3.8/runpy.py", line 194, in _run_module_as_main
[3.882s]       return _run_code(code, main_globals, None,
[3.882s]     File "/usr/lib/python3.8/runpy.py", line 87, in _run_code
[3.883s]       exec(code, run_globals)
[3.883s]     File "/opt/ros/foxy/lib/python3.8/site-packages/rosidl_adapter/__main__.py", line 19, in <module>
[3.883s]       sys.exit(main())
[3.884s]     File "/opt/ros/foxy/lib/python3.8/site-packages/rosidl_adapter/main.py", line 53, in main
[3.884s]       abs_idl_file = convert_to_idl(
[3.885s]     File "/opt/ros/foxy/lib/python3.8/site-packages/rosidl_adapter/__init__.py", line 19, in convert_to_idl
[3.885s]       return convert_msg_to_idl(
[3.885s]     File "/opt/ros/foxy/lib/python3.8/site-packages/rosidl_adapter/msg/__init__.py", line 28, in convert_msg_to_idl
[3.886s]       msg = parse_message_string(package_name, input_file.stem, content)
[3.886s]     File "/opt/ros/foxy/lib/python3.8/site-packages/rosidl_adapter/parser.py", line 515, in parse_message_string
[3.887s]       fields.append(Field(
[3.887s]     File "/opt/ros/foxy/lib/python3.8/site-packages/rosidl_adapter/parser.py", line 353, in __init__
[3.887s]       raise NameError(
[3.888s] 
[3.888s]   NameError: 'L_speed' is an invalid field name.  It should have the pattern
[3.888s]   '^(?!.*__)(?!.*_$)[a-z][a-z0-9_]*$'
[3.889s] 
[3.889s] Call Stack (most recent call first):
[3.898s]   /home/jetson/ros2_foxy/ros2-linux/share/rosidl_cmake/cmake/rosidl_generate_interfaces.cmake:130 (rosidl_adapt_interfaces)
[3.898s]   CMakeLists.txt:38 (rosidl_generate_interfaces)
[3.899s] 
[3.899s] 
[3.899s] -- Configuring incomplete, errors occurred!
[3.900s] See also "/home/jetson/Desktop/workspace_2/build/msg_manage/CMakeFiles/CMakeOutput.log".
[3.913s] make: *** [Makefile:1228: cmake_check_build_system] Error 1
[3.927s] Invoked command in '/home/jetson/Desktop/workspace_2/build/msg_manage' returned '2': CMAKE_PREFIX_PATH=${CMAKE_PREFIX_PATH}:/home/jetson/Desktop/workspace_2/install/unity_slam_example:/home/jetson/Desktop/workspace_2/install/unity_robotics_demo:/home/jetson/Desktop/workspace_2/install/ros_tcp_endpoint:/home/jetson/Desktop/workspace_2/install/project_2:/opt/ros/foxy /usr/bin/cmake --build /home/jetson/Desktop/workspace_2/build/msg_manage -- -j4 -l4
