[0.000000] (-) TimerEvent: {}
[0.000497] (-) JobUnselected: {'identifier': 'msg_manage'}
[0.000800] (-) JobUnselected: {'identifier': 'ros_tcp_endpoint'}
[0.000906] (-) JobUnselected: {'identifier': 'unity_robotics_demo'}
[0.000995] (-) JobUnselected: {'identifier': 'unity_robotics_demo_msgs'}
[0.001082] (-) JobUnselected: {'identifier': 'unity_slam_example'}
[0.001192] (project_2) JobQueued: {'identifier': 'project_2', 'dependencies': OrderedDict([('msg_manage', '/home/jetson/Desktop/workspace_2/install/msg_manage')])}
[0.001315] (project_2) JobStarted: {'identifier': 'project_2'}
[0.083636] (-) TimerEvent: {}
[0.184344] (-) TimerEvent: {}
[0.285466] (-) TimerEvent: {}
[0.386741] (-) TimerEvent: {}
[0.487367] (-) TimerEvent: {}
[0.588000] (-) TimerEvent: {}
[0.688630] (-) TimerEvent: {}
[0.789348] (-) TimerEvent: {}
[0.890231] (-) TimerEvent: {}
[0.990831] (-) TimerEvent: {}
[1.091426] (-) TimerEvent: {}
[1.192021] (-) TimerEvent: {}
[1.292616] (-) TimerEvent: {}
[1.393219] (-) TimerEvent: {}
[1.493825] (-) TimerEvent: {}
[1.594458] (-) TimerEvent: {}
[1.695086] (-) TimerEvent: {}
[1.795734] (-) TimerEvent: {}
[1.896393] (-) TimerEvent: {}
[1.997018] (-) TimerEvent: {}
[2.097654] (-) TimerEvent: {}
[2.198584] (-) TimerEvent: {}
[2.299531] (-) TimerEvent: {}
[2.400497] (-) TimerEvent: {}
[2.501783] (-) TimerEvent: {}
[2.602802] (-) TimerEvent: {}
[2.704337] (-) TimerEvent: {}
[2.804950] (-) TimerEvent: {}
[2.905551] (-) TimerEvent: {}
[3.006213] (-) TimerEvent: {}
[3.107358] (-) TimerEvent: {}
[3.213896] (-) TimerEvent: {}
[3.315595] (-) TimerEvent: {}
[3.416532] (-) TimerEvent: {}
[3.517200] (-) TimerEvent: {}
[3.618130] (-) TimerEvent: {}
[3.719098] (-) TimerEvent: {}
[3.820326] (-) TimerEvent: {}
[3.902581] (project_2) StderrLine: {'line': b'Traceback (most recent call last):\n  File "/usr/lib/python3/dist-packages/colcon_parallel_executor/executor/parallel.py", line 67, in execute\n    loop.run_until_complete(future)\n  File "/usr/lib/python3.8/asyncio/base_events.py", line 603, in run_until_complete\n    self.run_forever()\n  File "/usr/lib/python3.8/asyncio/base_events.py", line 570, in run_forever\n    self._run_once()\n  File "/usr/lib/python3.8/asyncio/base_events.py", line 1823, in _run_once\n    event_list = self._selector.select(timeout)\n  File "/usr/lib/python3.8/selectors.py", line 468, in select\n    fd_event_list = self._selector.poll(timeout, max_ev)\nKeyboardInterrupt\n\nDuring handling of the above exception, another exception occurred:\n\nTraceback (most recent call last):\n  File "/usr/lib/python3/dist-packages/colcon_core/executor/__init__.py", line 91, in __call__\n    rc = await self.task(*args, **kwargs)\n  File "/usr/lib/python3/dist-packages/colcon_core/task/__init__.py", line 93, in __call__\n    return await task_method(*args, **kwargs)\n  File "/usr/lib/python3/dist-packages/colcon_ros/task/ament_python/build.py", line 105, in build\n    return await extension.build(additional_hooks=additional_hooks)\n  File "/usr/lib/python3/dist-packages/colcon_core/task/python/build.py", line 64, in build\n    available_commands = await self._get_available_commands(\n  File "/usr/lib/python3/dist-packages/colcon_core/task/python/build.py", line 148, in _get_available_commands\n    output = await check_output(\n  File "/usr/lib/python3/dist-packages/colcon_core/subprocess.py", line 107, in check_output\n    assert not rc, \\\nAssertionError: Expected [\'/usr/bin/python3\', \'setup.py\', \'--help-commands\'] to pass: Traceback (most recent call last):\n  File "setup.py", line 1, in <module>\n    from setuptools import setup\n  File "/usr/local/lib/python3.8/dist-packages/setuptools/__init__.py", line 16, in <module>\n    import setuptools.version\n  File "/usr/local/lib/python3.8/dist-packages/setuptools/version.py", line 1, in <module>\n    import pkg_resources\n  File "/usr/local/lib/python3.8/dist-packages/pkg_resources/__init__.py", line 3243, in <module>\n    def _initialize_master_working_set():\n  File "/usr/local/lib/python3.8/dist-packages/pkg_resources/__init__.py", line 3226, in _call_aside\n    f(*args, **kwargs)\n  File "/usr/local/lib/python3.8/dist-packages/pkg_resources/__init__.py", line 3255, in _initialize_master_working_set\n    working_set = WorkingSet._build_master()\n  File "/usr/local/lib/python3.8/dist-packages/pkg_resources/__init__.py", line 559, in _build_master\n    ws = cls()\n  File "/usr/local/lib/python3.8/dist-packages/pkg_resources/__init__.py", line 552, in __init__\n    self.add_entry(entry)\n  File "/usr/local/lib/python3.8/dist-packages/pkg_resources/__init__.py", line 608, in add_entry\n    for dist in find_distributions(entry, True):\n  File "/usr/local/lib/python3.8/dist-packages/pkg_resources/__init__.py", line 2059, in find_on_path\n    path_item_entries = _by_version_descending(filtered)\n  File "/usr/local/lib/python3.8/dist-packages/pkg_resources/__init__.py", line 2029, in _by_version_descending\n    return sorted(names, key=_by_version, reverse=True)\n  File "/usr/local/lib/python3.8/dist-packages/pkg_resources/__init__.py", line 2027, in _by_version\n    return [packaging.version.parse(part) for part in parts]\n  File "/usr/local/lib/python3.8/dist-packages/pkg_resources/__init__.py", line 2027, in <listcomp>\n    return [packaging.version.parse(part) for part in parts]\n  File "/usr/local/lib/python3.8/dist-packages/pkg_resources/_vendor/packaging/version.py", line 56, in parse\n    return Version(version)\n  File "/usr/local/lib/python3.8/dist-packages/pkg_resources/_vendor/packaging/version.py", line 282, in __init__\n    release=tuple(int(i) for i in match.group("release").split(".")),\nKeyboardInterrupt\n\n'}
[3.904324] (project_2) JobEnded: {'identifier': 'project_2', 'rc': 'SIGINT'}
[3.913801] (-) EventReactorShutdown: {}
