[0.335s] Invoking command in '/home/jetson/Desktop/workspace_2/build/msg_manage': CMAKE_PREFIX_PATH=${CMAKE_PREFIX_PATH}:/home/jetson/Desktop/workspace_2/install/unity_slam_example:/home/jetson/Desktop/workspace_2/install/unity_robotics_demo:/home/jetson/Desktop/workspace_2/install/ros_tcp_endpoint:/home/jetson/Desktop/workspace_2/install/project_2:/opt/ros/foxy /usr/bin/cmake --build /home/jetson/Desktop/workspace_2/build/msg_manage -- -j4 -l4
[3.318s] -- Found ament_cmake: 0.9.9 (/home/jetson/ros2_foxy/ros2-linux/share/ament_cmake/cmake)
[3.320s] -- Found PythonInterp: /usr/bin/python3 (found suitable version "3.8.10", minimum required is "3") 
[3.325s] -- Using PYTHON_EXECUTABLE: /usr/bin/python3
[3.328s] -- Found ament_lint_auto: 0.9.6 (/home/jetson/ros2_foxy/ros2-linux/share/ament_lint_auto/cmake)
[3.334s] -- Found rosidl_default_generators: 1.0.1 (/home/jetson/ros2_foxy/ros2-linux/share/rosidl_default_generators/cmake)
[3.335s] -- Using all available rosidl_typesupport_c: rosidl_typesupport_fastrtps_c;rosidl_typesupport_introspection_c
[3.336s] -- Found rosidl_adapter: 1.2.1 (/home/jetson/ros2_foxy/ros2-linux/share/rosidl_adapter/cmake)
[3.336s] -- Using all available rosidl_typesupport_cpp: rosidl_typesupport_fastrtps_cpp;rosidl_typesupport_introspection_cpp
[3.384s] -- Found PythonInterp: /usr/bin/python3 (found version "3.8.10") 
[4.505s] CMake Error at /home/jetson/ros2_foxy/ros2-linux/share/rosidl_adapter/cmake/rosidl_adapt_interfaces.cmake:60 (message):
[4.505s]   execute_process(/usr/bin/python3 -m rosidl_adapter --package-name
[4.505s]   msg_manage --arguments-file
[4.506s]   /home/jetson/Desktop/workspace_2/build/msg_manage/rosidl_adapter__arguments__msg_manage.json
[4.506s]   --output-dir
[4.507s]   /home/jetson/Desktop/workspace_2/build/msg_manage/rosidl_adapter/msg_manage
[4.507s]   --output-file
[4.508s]   /home/jetson/Desktop/workspace_2/build/msg_manage/rosidl_adapter/msg_manage.idls)
[4.508s]   returned error code 1:
[4.509s] 
[4.509s]   Traceback (most recent call last):
[4.509s] 
[4.510s]     File "/usr/lib/python3.8/runpy.py", line 194, in _run_module_as_main
[4.511s]       return _run_code(code, main_globals, None,
[4.511s]     File "/usr/lib/python3.8/runpy.py", line 87, in _run_code
[4.511s]       exec(code, run_globals)
[4.512s]     File "/opt/ros/foxy/lib/python3.8/site-packages/rosidl_adapter/__main__.py", line 19, in <module>
[4.513s]       sys.exit(main())
[4.513s]     File "/opt/ros/foxy/lib/python3.8/site-packages/rosidl_adapter/main.py", line 53, in main
[4.513s]       abs_idl_file = convert_to_idl(
[4.514s]     File "/opt/ros/foxy/lib/python3.8/site-packages/rosidl_adapter/__init__.py", line 24, in convert_to_idl
[4.514s]       return convert_srv_to_idl(
[4.515s]     File "/opt/ros/foxy/lib/python3.8/site-packages/rosidl_adapter/srv/__init__.py", line 28, in convert_srv_to_idl
[4.515s]       srv = parse_service_string(package_name, input_file.stem, content)
[4.515s]     File "/opt/ros/foxy/lib/python3.8/site-packages/rosidl_adapter/parser.py", line 852, in parse_service_string
[4.516s]       request_message = parse_message_string(
[4.516s]     File "/opt/ros/foxy/lib/python3.8/site-packages/rosidl_adapter/parser.py", line 540, in parse_message_string
[4.517s]       msg = MessageSpecification(pkg_name, msg_name, fields, constants)
[4.517s]     File "/opt/ros/foxy/lib/python3.8/site-packages/rosidl_adapter/parser.py", line 387, in __init__
[4.518s]       self.base_type = BaseType(
[4.518s]     File "/opt/ros/foxy/lib/python3.8/site-packages/rosidl_adapter/parser.py", line 204, in __init__
[4.519s]       raise InvalidResourceName(
[4.519s] 
[4.520s]   rosidl_adapter.parser.InvalidResourceName: 'Twist_srv_Request' is an
[4.520s]   invalid message name.  It should have the pattern '^[A-Z][A-Za-z0-9]*$'
[4.521s] 
[4.521s] Call Stack (most recent call first):
[4.521s]   /home/jetson/ros2_foxy/ros2-linux/share/rosidl_cmake/cmake/rosidl_generate_interfaces.cmake:130 (rosidl_adapt_interfaces)
[4.522s]   CMakeLists.txt:38 (rosidl_generate_interfaces)
[4.522s] 
[4.523s] 
[4.523s] -- Configuring incomplete, errors occurred!
[4.524s] See also "/home/jetson/Desktop/workspace_2/build/msg_manage/CMakeFiles/CMakeOutput.log".
[4.535s] make: *** [Makefile:1468: cmake_check_build_system] Error 1
[4.549s] Invoked command in '/home/jetson/Desktop/workspace_2/build/msg_manage' returned '2': CMAKE_PREFIX_PATH=${CMAKE_PREFIX_PATH}:/home/jetson/Desktop/workspace_2/install/unity_slam_example:/home/jetson/Desktop/workspace_2/install/unity_robotics_demo:/home/jetson/Desktop/workspace_2/install/ros_tcp_endpoint:/home/jetson/Desktop/workspace_2/install/project_2:/opt/ros/foxy /usr/bin/cmake --build /home/jetson/Desktop/workspace_2/build/msg_manage -- -j4 -l4
