[0.299s] Invoking command in '/home/jetson/Desktop/workspace_2/build/msg_manage': CMAKE_PREFIX_PATH=${CMAKE_PREFIX_PATH}:/home/jetson/Desktop/workspace_2/install/unity_slam_example:/home/jetson/Desktop/workspace_2/install/unity_robotics_demo:/home/jetson/Desktop/workspace_2/install/ros_tcp_endpoint:/home/jetson/Desktop/workspace_2/install/project_2:/opt/ros/foxy /usr/bin/cmake --build /home/jetson/Desktop/workspace_2/build/msg_manage -- -j4 -l4
[3.192s] -- Found ament_cmake: 0.9.9 (/home/jetson/ros2_foxy/ros2-linux/share/ament_cmake/cmake)
[3.193s] -- Found PythonInterp: /usr/bin/python3 (found suitable version "3.8.10", minimum required is "3") 
[3.195s] -- Using PYTHON_EXECUTABLE: /usr/bin/python3
[3.195s] -- Found ament_lint_auto: 0.9.6 (/home/jetson/ros2_foxy/ros2-linux/share/ament_lint_auto/cmake)
[3.196s] -- Found rosidl_default_generators: 1.0.1 (/home/jetson/ros2_foxy/ros2-linux/share/rosidl_default_generators/cmake)
[3.197s] -- Using all available rosidl_typesupport_c: rosidl_typesupport_fastrtps_c;rosidl_typesupport_introspection_c
[3.198s] -- Found rosidl_adapter: 1.2.1 (/home/jetson/ros2_foxy/ros2-linux/share/rosidl_adapter/cmake)
[3.199s] -- Using all available rosidl_typesupport_cpp: rosidl_typesupport_fastrtps_cpp;rosidl_typesupport_introspection_cpp
[3.205s] -- Found PythonInterp: /usr/bin/python3 (found version "3.8.10") 
[3.589s] CMake Error at /home/jetson/ros2_foxy/ros2-linux/share/rosidl_adapter/cmake/rosidl_adapt_interfaces.cmake:60 (message):
[3.590s]   execute_process(/usr/bin/python3 -m rosidl_adapter --package-name
[3.590s]   msg_manage --arguments-file
[3.591s]   /home/jetson/Desktop/workspace_2/build/msg_manage/rosidl_adapter__arguments__msg_manage.json
[3.591s]   --output-dir
[3.592s]   /home/jetson/Desktop/workspace_2/build/msg_manage/rosidl_adapter/msg_manage
[3.592s]   --output-file
[3.593s]   /home/jetson/Desktop/workspace_2/build/msg_manage/rosidl_adapter/msg_manage.idls)
[3.593s]   returned error code 1:
[3.594s] 
[3.594s]   Traceback (most recent call last):
[3.595s] 
[3.595s]     File "/usr/lib/python3.8/runpy.py", line 194, in _run_module_as_main
[3.595s]       return _run_code(code, main_globals, None,
[3.596s]     File "/usr/lib/python3.8/runpy.py", line 87, in _run_code
[3.598s]       exec(code, run_globals)
[3.598s]     File "/opt/ros/foxy/lib/python3.8/site-packages/rosidl_adapter/__main__.py", line 19, in <module>
[3.599s]       sys.exit(main())
[3.599s]     File "/opt/ros/foxy/lib/python3.8/site-packages/rosidl_adapter/main.py", line 53, in main
[3.600s]       abs_idl_file = convert_to_idl(
[3.600s]     File "/opt/ros/foxy/lib/python3.8/site-packages/rosidl_adapter/__init__.py", line 24, in convert_to_idl
[3.600s]       return convert_srv_to_idl(
[3.601s]     File "/opt/ros/foxy/lib/python3.8/site-packages/rosidl_adapter/srv/__init__.py", line 28, in convert_srv_to_idl
[3.601s]       srv = parse_service_string(package_name, input_file.stem, content)
[3.602s]     File "/opt/ros/foxy/lib/python3.8/site-packages/rosidl_adapter/parser.py", line 852, in parse_service_string
[3.602s]       request_message = parse_message_string(
[3.612s]     File "/opt/ros/foxy/lib/python3.8/site-packages/rosidl_adapter/parser.py", line 540, in parse_message_string
[3.613s]       msg = MessageSpecification(pkg_name, msg_name, fields, constants)
[3.613s]     File "/opt/ros/foxy/lib/python3.8/site-packages/rosidl_adapter/parser.py", line 387, in __init__
[3.614s]       self.base_type = BaseType(
[3.614s]     File "/opt/ros/foxy/lib/python3.8/site-packages/rosidl_adapter/parser.py", line 204, in __init__
[3.615s]       raise InvalidResourceName(
[3.615s] 
[3.616s]   rosidl_adapter.parser.InvalidResourceName: 'Twist_srv_Request' is an
[3.616s]   invalid message name.  It should have the pattern '^[A-Z][A-Za-z0-9]*$'
[3.616s] 
[3.617s] Call Stack (most recent call first):
[3.617s]   /home/jetson/ros2_foxy/ros2-linux/share/rosidl_cmake/cmake/rosidl_generate_interfaces.cmake:130 (rosidl_adapt_interfaces)
[3.618s]   CMakeLists.txt:38 (rosidl_generate_interfaces)
[3.618s] 
[3.619s] 
[3.622s] -- Configuring incomplete, errors occurred!
[3.623s] See also "/home/jetson/Desktop/workspace_2/build/msg_manage/CMakeFiles/CMakeOutput.log".
[3.643s] make: *** [Makefile:1468: cmake_check_build_system] Error 1
[3.657s] Invoked command in '/home/jetson/Desktop/workspace_2/build/msg_manage' returned '2': CMAKE_PREFIX_PATH=${CMAKE_PREFIX_PATH}:/home/jetson/Desktop/workspace_2/install/unity_slam_example:/home/jetson/Desktop/workspace_2/install/unity_robotics_demo:/home/jetson/Desktop/workspace_2/install/ros_tcp_endpoint:/home/jetson/Desktop/workspace_2/install/project_2:/opt/ros/foxy /usr/bin/cmake --build /home/jetson/Desktop/workspace_2/build/msg_manage -- -j4 -l4
