[0.097s] Invoking command in '/home/jetson/Desktop/workspace_2/build/msg_manage': CMAKE_PREFIX_PATH=${CMAKE_PREFIX_PATH}:/home/jetson/Desktop/workspace_2/install/project_2:/home/jetson/Desktop/workspace_2/install/my_package2 /usr/bin/cmake --build /home/jetson/Desktop/workspace_2/build/msg_manage -- -j4 -l4
[0.221s] -- Found ament_cmake: 0.9.9 (/home/jetson/ros2_foxy/ros2-linux/share/ament_cmake/cmake)
[0.331s] -- Found PythonInterp: /usr/bin/python3 (found suitable version "3.8.10", minimum required is "3") 
[0.332s] -- Using PYTHON_EXECUTABLE: /usr/bin/python3
[1.265s] -- Found ament_lint_auto: 0.9.6 (/home/jetson/ros2_foxy/ros2-linux/share/ament_lint_auto/cmake)
[1.543s] -- Found rosidl_default_generators: 1.0.1 (/home/jetson/ros2_foxy/ros2-linux/share/rosidl_default_generators/cmake)
[1.553s] -- Using all available rosidl_typesupport_c: rosidl_typesupport_fastrtps_c;rosidl_typesupport_introspection_c
[1.569s] -- Found rosidl_adapter: 1.2.1 (/home/jetson/ros2_foxy/ros2-linux/share/rosidl_adapter/cmake)
[2.135s] -- Using all available rosidl_typesupport_cpp: rosidl_typesupport_fastrtps_cpp;rosidl_typesupport_introspection_cpp
[2.340s] -- Found PythonInterp: /usr/bin/python3 (found version "3.8.10") 
[3.031s] CMake Error at /home/jetson/ros2_foxy/ros2-linux/share/rosidl_adapter/cmake/rosidl_adapt_interfaces.cmake:60 (message):
[3.032s]   execute_process(/usr/bin/python3 -m rosidl_adapter --package-name
[3.032s]   msg_manage --arguments-file
[3.032s]   /home/jetson/Desktop/workspace_2/build/msg_manage/rosidl_adapter__arguments__msg_manage.json
[3.033s]   --output-dir
[3.033s]   /home/jetson/Desktop/workspace_2/build/msg_manage/rosidl_adapter/msg_manage
[3.033s]   --output-file
[3.034s]   /home/jetson/Desktop/workspace_2/build/msg_manage/rosidl_adapter/msg_manage.idls)
[3.034s]   returned error code 1:
[3.035s] 
[3.035s]   Traceback (most recent call last):
[3.035s] 
[3.036s]     File "/usr/lib/python3.8/runpy.py", line 194, in _run_module_as_main
[3.036s]       return _run_code(code, main_globals, None,
[3.037s]     File "/usr/lib/python3.8/runpy.py", line 87, in _run_code
[3.037s]       exec(code, run_globals)
[3.037s]     File "/home/jetson/ros2_foxy/ros2-linux/lib/python3.8/site-packages/rosidl_adapter/__main__.py", line 19, in <module>
[3.038s]       sys.exit(main())
[3.038s]     File "/home/jetson/ros2_foxy/ros2-linux/lib/python3.8/site-packages/rosidl_adapter/main.py", line 53, in main
[3.040s]       abs_idl_file = convert_to_idl(
[3.040s]     File "/home/jetson/ros2_foxy/ros2-linux/lib/python3.8/site-packages/rosidl_adapter/__init__.py", line 29, in convert_to_idl
[3.041s]       return convert_action_to_idl(
[3.041s]     File "/home/jetson/ros2_foxy/ros2-linux/lib/python3.8/site-packages/rosidl_adapter/action/__init__.py", line 28, in convert_action_to_idl
[3.042s]       action = parse_action_string(package_name, input_file.stem, content)
[3.042s]     File "/home/jetson/ros2_foxy/ros2-linux/lib/python3.8/site-packages/rosidl_adapter/parser.py", line 892, in parse_action_string
[3.043s]       goal_message = parse_message_string(
[3.043s]     File "/home/jetson/ros2_foxy/ros2-linux/lib/python3.8/site-packages/rosidl_adapter/parser.py", line 540, in parse_message_string
[3.044s]       msg = MessageSpecification(pkg_name, msg_name, fields, constants)
[3.044s]     File "/home/jetson/ros2_foxy/ros2-linux/lib/python3.8/site-packages/rosidl_adapter/parser.py", line 387, in __init__
[3.044s]       self.base_type = BaseType(
[3.045s]     File "/home/jetson/ros2_foxy/ros2-linux/lib/python3.8/site-packages/rosidl_adapter/parser.py", line 204, in __init__
[3.045s]       raise InvalidResourceName(
[3.046s] 
[3.046s]   rosidl_adapter.parser.InvalidResourceName: 'testaction_Goal' is an invalid
[3.047s]   message name.  It should have the pattern '^[A-Z][A-Za-z0-9]*$'
[3.047s] 
[3.047s] Call Stack (most recent call first):
[3.048s]   /home/jetson/ros2_foxy/ros2-linux/share/rosidl_cmake/cmake/rosidl_generate_interfaces.cmake:130 (rosidl_adapt_interfaces)
[3.048s]   CMakeLists.txt:38 (rosidl_generate_interfaces)
[3.049s] 
[3.049s] 
[3.049s] -- Configuring incomplete, errors occurred!
[3.050s] See also "/home/jetson/Desktop/workspace_2/build/msg_manage/CMakeFiles/CMakeOutput.log".
[3.061s] make: *** [Makefile:988: cmake_check_build_system] Error 1
[3.068s] Invoked command in '/home/jetson/Desktop/workspace_2/build/msg_manage' returned '2': CMAKE_PREFIX_PATH=${CMAKE_PREFIX_PATH}:/home/jetson/Desktop/workspace_2/install/project_2:/home/jetson/Desktop/workspace_2/install/my_package2 /usr/bin/cmake --build /home/jetson/Desktop/workspace_2/build/msg_manage -- -j4 -l4
