[0.000000] (-) TimerEvent: {}
[0.014803] (-) JobUnselected: {'identifier': 'msg_manage'}
[0.016280] (-) JobUnselected: {'identifier': 'ros_tcp_endpoint'}
[0.016773] (-) JobUnselected: {'identifier': 'unity_robotics_demo'}
[0.022206] (-) JobUnselected: {'identifier': 'unity_robotics_demo_msgs'}
[0.022700] (-) JobUnselected: {'identifier': 'unity_slam_example'}
[0.024514] (project_2) JobQueued: {'identifier': 'project_2', 'dependencies': OrderedDict([('msg_manage', '/home/jetson/Desktop/workspace_2/install/msg_manage')])}
[0.024715] (project_2) JobStarted: {'identifier': 'project_2'}
[0.085683] (-) TimerEvent: {}
[0.186477] (-) TimerEvent: {}
[0.287571] (-) TimerEvent: {}
[0.388148] (-) TimerEvent: {}
[0.488754] (-) TimerEvent: {}
[0.589663] (-) TimerEvent: {}
[0.690336] (-) TimerEvent: {}
[0.791041] (-) TimerEvent: {}
[0.891622] (-) TimerEvent: {}
[0.992222] (-) TimerEvent: {}
[1.092870] (-) TimerEvent: {}
[1.193477] (-) TimerEvent: {}
[1.294192] (-) TimerEvent: {}
[1.396857] (-) TimerEvent: {}
[1.497577] (-) TimerEvent: {}
[1.598288] (-) TimerEvent: {}
[1.699088] (-) TimerEvent: {}
[1.799704] (-) TimerEvent: {}
[1.900312] (-) TimerEvent: {}
[2.000973] (-) TimerEvent: {}
[2.101581] (-) TimerEvent: {}
[2.202208] (-) TimerEvent: {}
[2.302844] (-) TimerEvent: {}
[2.403426] (-) TimerEvent: {}
[2.504002] (-) TimerEvent: {}
[2.604589] (-) TimerEvent: {}
[2.705438] (-) TimerEvent: {}
[2.806146] (-) TimerEvent: {}
[2.906806] (-) TimerEvent: {}
[3.007417] (-) TimerEvent: {}
[3.108017] (-) TimerEvent: {}
[3.208665] (-) TimerEvent: {}
[3.309242] (-) TimerEvent: {}
[3.412138] (-) TimerEvent: {}
[3.514944] (-) TimerEvent: {}
[3.615651] (-) TimerEvent: {}
[3.635969] (project_2) StderrLine: {'line': b'Traceback (most recent call last):\n  File "/usr/lib/python3/dist-packages/colcon_parallel_executor/executor/parallel.py", line 67, in execute\n    loop.run_until_complete(future)\n  File "/usr/lib/python3.8/asyncio/base_events.py", line 603, in run_until_complete\n    self.run_forever()\n  File "/usr/lib/python3.8/asyncio/base_events.py", line 570, in run_forever\n    self._run_once()\n  File "/usr/lib/python3.8/asyncio/base_events.py", line 1823, in _run_once\n    event_list = self._selector.select(timeout)\n  File "/usr/lib/python3.8/selectors.py", line 468, in select\n    fd_event_list = self._selector.poll(timeout, max_ev)\nKeyboardInterrupt\n\nDuring handling of the above exception, another exception occurred:\n\nTraceback (most recent call last):\n  File "/usr/lib/python3/dist-packages/colcon_core/executor/__init__.py", line 91, in __call__\n    rc = await self.task(*args, **kwargs)\n  File "/usr/lib/python3/dist-packages/colcon_core/task/__init__.py", line 93, in __call__\n    return await task_method(*args, **kwargs)\n  File "/usr/lib/python3/dist-packages/colcon_ros/task/ament_python/build.py", line 105, in build\n    return await extension.build(additional_hooks=additional_hooks)\n  File "/usr/lib/python3/dist-packages/colcon_core/task/python/build.py", line 64, in build\n    available_commands = await self._get_available_commands(\n  File "/usr/lib/python3/dist-packages/colcon_core/task/python/build.py", line 148, in _get_available_commands\n    output = await check_output(\n  File "/usr/lib/python3/dist-packages/colcon_core/subprocess.py", line 107, in check_output\n    assert not rc, \\\nAssertionError: Expected [\'/usr/bin/python3\', \'setup.py\', \'--help-commands\'] to pass: Traceback (most recent call last):\n  File "setup.py", line 7, in <module>\n    setup(\n  File "/usr/local/lib/python3.8/dist-packages/setuptools/__init__.py", line 153, in setup\n    return distutils.core.setup(**attrs)\n  File "/usr/lib/python3.8/distutils/core.py", line 134, in setup\n    ok = dist.parse_command_line()\n  File "/usr/lib/python3.8/distutils/dist.py", line 480, in parse_command_line\n    if self.handle_display_options(option_order):\n  File "/usr/local/lib/python3.8/dist-packages/setuptools/dist.py", line 1120, in handle_display_options\n    return _Distribution.handle_display_options(self, option_order)\n  File "/usr/lib/python3.8/distutils/dist.py", line 683, in handle_display_options\n    self.print_commands()\n  File "/usr/local/lib/python3.8/dist-packages/setuptools/dist.py", line 898, in print_commands\n    return _Distribution.print_commands(self)\n  File "/usr/lib/python3.8/distutils/dist.py", line 752, in print_commands\n    self.print_command_list(std_commands,\n  File "/usr/lib/python3.8/distutils/dist.py", line 720, in print_command_list\n    klass = self.get_command_class(cmd)\n  File "/usr/local/lib/python3.8/dist-packages/setuptools/dist.py", line 890, in get_command_class\n    return _Distribution.get_command_class(self, command)\n  File "/usr/lib/python3.8/distutils/dist.py", line 828, in get_command_class\n    __import__(module_name)\n  File "/usr/lib/python3.8/distutils/command/check.py", line 11, in <module>\n    from docutils.parsers.rst import Parser\n  File "/usr/lib/python3/dist-packages/docutils/parsers/rst/__init__.py", line 75, in <module>\n    from docutils.parsers.rst import roles, states\n  File "<frozen importlib._bootstrap>", line 991, in _find_and_load\n  File "<frozen importlib._bootstrap>", line 975, in _find_and_load_unlocked\n  File "<frozen importlib._bootstrap>", line 671, in _load_unlocked\n  File "<frozen importlib._bootstrap_external>", line 844, in exec_module\n  File "<frozen importlib._bootstrap_external>", line 976, in get_code\n  File "<frozen importlib._bootstrap_external>", line 640, in _compile_bytecode\nKeyboardInterrupt\n\n'}
[3.637858] (project_2) JobEnded: {'identifier': 'project_2', 'rc': 'SIGINT'}
[3.647576] (-) EventReactorShutdown: {}
